Automata: 
	states: ['q1', 'q2', 'q0', 'q3', 'q4', 'q6', 'q8', 'q7', 'q9', 'q10', 'q15', 'q16', 'q14', 'q17', 'q11', 'q12', 'q13', 'q18', 'q19', 'q20', 'q21', 'q22', 'q24', 'q25', 'q28', 'q26', 'q27', 'q30', 'q33', 'q31', 'q32', 'q34', 'q37', 'q36', 'q35', 'q39', 'q40', 'q42', 'q41', 'q5q29', 'q23q38']
	alphabet: ['r', 'p', 'g', 'o', 'b', 'n', 'i', 'd', 'y', 'a', ':', 'f', 'x', '(', ')', '\n', '#', ',', 't', 'l', 's', 'w', 'h']
	transitions: {
	q40 : { 'a' : [q41] },
	q41 : { 'd' : [q42] },
	q34 : { 'h' : [q35] },
	q5q29 : { 'l' : [q30],
		'g' : [q6] },
	q20 : { '\n' : [q21] },
	q24 : { 't' : [q25] },
	q26 : { 'o' : [q27] },
	q27 : { 'b' : [q28] },
	q1 : { 'r' : [q2] },
	q0 : { 'a' : [q14],
		'#' : [q20],
		'b' : [q5q29],
		'd' : [q26],
		'f' : [q11],
		'i' : [q23q38],
		'(' : [q18],
		',' : [q22],
		'n' : [q9],
		'p' : [q1],
		's' : [q31],
		'r' : [q40],
		'w' : [q34],
		':' : [q17],
		')' : [q19] },
	q3 : { 'g' : [q4] },
	q2 : { 'o' : [q3] },
	q7 : { 'n' : [q8] },
	q6 : { 'i' : [q7] },
	q9 : { 'd' : [q10] },
	q23q38 : { 'f' : [q39],
		'n' : [q24] },
	q15 : { 'y' : [q16] },
	q32 : { 'r' : [q33] },
	q31 : { 't' : [q32] },
	q11 : { 'i' : [q12] },
	q36 : { 'l' : [q37] },
	q35 : { 'i' : [q36] },
	q12 : { 'x' : [q13] },
	q14 : { 'r' : [q15] },
		}
	start: q0
	accept: ['q4', 'q8', 'q10', 'q16', 'q17', 'q13', 'q18', 'q19', 'q21', 'q22', 'q25', 'q28', 'q30', 'q33', 'q37', 'q39', 'q42']
